<?xml version="1.0" encoding="UTF-8"?>
<!-- Generated by org.testng.reporters.JUnitXMLReporter -->
<testsuite ignored="0" hostname="W-7FM3M13" failures="1" tests="1" name="Glass Lewis" time="0.845" errors="0" timestamp="2021-02-22T00:21:10 IST">
  <testcase classname="tests.VerifyCompanyVoteCardTest" name="verifyCompanyVoteCardTest" time="0.801">
    <failure type="org.testng.internal.reflect.MethodMatcherException" message="
[public void tests.VerifyCompanyVoteCardTest.verifyCompanyVoteCardTest(java.lang.String,java.lang.String) throws java.lang.Exception] has no parameters defined but was found to be using a data provider (either explicitly specified or inherited from class level annotation).
Data provider mismatch
Method: verifyCompanyVoteCardTest([Parameter{index=0, type=java.lang.String, declaredAnnotations=[]}, Parameter{index=1, type=java.lang.String, declaredAnnotations=[]}])
Arguments: [(java.lang.String) chrome]">
      <![CDATA[org.testng.internal.reflect.MethodMatcherException: 
[public void tests.VerifyCompanyVoteCardTest.verifyCompanyVoteCardTest(java.lang.String,java.lang.String) throws java.lang.Exception] has no parameters defined but was found to be using a data provider (either explicitly specified or inherited from class level annotation).
Data provider mismatch
Method: verifyCompanyVoteCardTest([Parameter{index=0, type=java.lang.String, declaredAnnotations=[]}, Parameter{index=1, type=java.lang.String, declaredAnnotations=[]}])
Arguments: [(java.lang.String) chrome]
at java.base/java.util.concurrent.ThreadPoolExecutor.runWorker(ThreadPoolExecutor.java:1128)
at java.base/java.util.concurrent.ThreadPoolExecutor$Worker.run(ThreadPoolExecutor.java:628)
at java.base/java.lang.Thread.run(Thread.java:834)
... Removed 7 stack frames]]>
    </failure>
  </testcase> <!-- verifyCompanyVoteCardTest -->
</testsuite> <!-- Glass Lewis -->
