<?xml version="1.0" encoding="UTF-8"?>
<testng-results ignored="0" total="0" passed="0" failed="0" skipped="0">
  <reporter-output>
  </reporter-output>
  <suite started-at="2021-02-22T00:21:09 IST" name="Platform Suite" finished-at="2021-02-22T00:21:10 IST" duration-ms="845">
    <groups>
    </groups>
    <test started-at="2021-02-22T00:21:09 IST" name="Glass Lewis" finished-at="2021-02-22T00:21:10 IST" duration-ms="845">
      <class name="tests.VerifyCompanyVoteCardTest">
        <test-method is-config="true" signature="beforeSuite()[pri:0, instance:tests.VerifyCompanyVoteCardTest@53976f5c]" started-at="2021-02-22T00:21:09 IST" name="beforeSuite" finished-at="2021-02-22T00:21:09 IST" duration-ms="11" status="PASS">
          <reporter-output>
          </reporter-output>
        </test-method> <!-- beforeSuite -->
        <test-method is-config="true" signature="afterSuite()[pri:0, instance:tests.VerifyCompanyVoteCardTest@53976f5c]" started-at="2021-02-22T00:21:10 IST" name="afterSuite" finished-at="2021-02-22T00:21:10 IST" duration-ms="1" status="PASS">
          <reporter-output>
          </reporter-output>
        </test-method> <!-- afterSuite -->
      </class> <!-- tests.VerifyCompanyVoteCardTest -->
    </test> <!-- Glass Lewis -->
  </suite> <!-- Platform Suite -->
</testng-results>
